{
  "RSpec": {
    "coverage": {
      "/Users/mball0001/git/phl_geocode.rb/lib/phl_geocode.rb": [
        1,
        1,
        1,
        null,
        1,
        1,
        1,
        null,
        1,
        13,
        null,
        null,
        null,
        null,
        null,
        1,
        9,
        5,
        5,
        null,
        null,
        1,
        1,
        5,
        null,
        5,
        10,
        null,
        null,
        null,
        null,
        null,
        null,
        10,
        null,
        null,
        null,
        1,
        5,
        5,
        null,
        null
      ]
    },
    "timestamp": 1353172335
  }
}
